[35m[1mConsolidate compiler generated dependencies of target patrol_node[0m
[ 50%] [32mBuilding CXX object CMakeFiles/patrol_node.dir/src/patrol.cpp.o[0m
[01m[K/home/user/ros2_ws/src/robot_patrol/src/patrol.cpp:[m[K In member function '[01m[Kvoid Patrol::laser_scan_callback(const LaserScan&)[m[K':
[01m[K/home/user/ros2_ws/src/robot_patrol/src/patrol.cpp:27:25:[m[K [01;31m[Kerror: [m[Kbase operand of '[01m[K->[m[K' has non-pointer type '[01m[Kconst LaserScan[m[K' {aka '[01m[Kconst sensor_msgs::msg::LaserScan_<std::allocator<void> >[m[K'}
   27 |     front_ray = (0 - msg[01;31m[K->[m[Kangle_min) / msg.angle_increment;
      |                         [01;31m[K^~[m[K
gmake[2]: *** [CMakeFiles/patrol_node.dir/build.make:76: CMakeFiles/patrol_node.dir/src/patrol.cpp.o] Error 1
gmake[1]: *** [CMakeFiles/Makefile2:137: CMakeFiles/patrol_node.dir/all] Error 2
gmake: *** [Makefile:146: all] Error 2
